#Nuevo registro
#Sat May 27 10:11:47 CEST 2017
Clave=N5rhKRCxrRvGjmGa
Servidor=192.168.1.105
BaseDatos=gestion_licencias_v2
Usuario=sa1
#Nuevo registro
#Sat May 27 10:11:55 CEST 2017
Clave=N5rhKRCxrRvGjmGa
Servidor=192.168.1.105
BaseDatos=gestion_licencias_v2
Usuario=sa12
#Nuevo registro
#Sat May 27 10:14:07 CEST 2017
Clave=N5rhKRCxrRvGjmGa
Servidor=192.168.1.105
BBDD=gestion_licencias_v2
Usuario=sa1
#Nuevo registro
#Sat May 27 10:14:49 CEST 2017
Clave=N5rhKRCxrRvGjmGa
Servidor=192.168.1.105
BBDD=gestion_licencias_v2
Usuario=sa
#Nuevo registro
#Sat May 27 10:27:34 CEST 2017
Clave=N5rhKRCxrRvGjmGa
Servidor=192.168.1.105
BBDD=gestion_licencias_v2
Usuario=sa
#Nuevo registro
#Sat May 27 10:27:58 CEST 2017
Clave=N5rhKRCxrRvGjmGa
Servidor=192.168.1.105
BBDD=gestion_licencias_v2
Usuario=sa
#Nuevo registro
#Sat May 27 10:28:51 CEST 2017
Clave=N5rhKRCxrRvGjmGa
Servidor=192.168.1.105
BBDD=gestion_licencias_v2
Usuario=sa
#Nuevo registro
#Sun May 28 13:46:20 CEST 2017
Clave=uMmdIRIxPh6MmIwC
Servidor=localhost
BBDD=gestion_licencias_v2
Usuario=s
#Nuevo registro
#Sun May 28 13:46:21 CEST 2017
Clave=uMmdIRIxPh6MmIwC
Servidor=localhost
BBDD=gestion_licencias_v2
Usuario=s
#Nuevo registro
#Sun May 28 13:46:32 CEST 2017
Clave=uMmdIRIxPh6MmIwC
Servidor=localhost
BBDD=gestion_licencias_v2
Usuario=sa
#Nuevo registro
#Sun May 28 13:46:45 CEST 2017
Clave=uMmdIRIxPh6MmIwC
Servidor=localhost
BBDD=gestion_licencias_v2
Usuario=sa
#Nuevo registro
#Sun May 28 13:54:14 CEST 2017
Clave=uMmdIRIxPh6MmIwC
Servidor=localhost
BBDD=gestion_licencias_v2
Usuario=sas
#Nuevo registro
#Sun May 28 13:54:24 CEST 2017
Clave=uMmdIRIxPh6MmIwC
Servidor=localhost
BBDD=gestion_licencias_v2
Usuario=sa
#Nuevo registro
#Wed May 31 18:04:24 CEST 2017
Clave=jWg7u921drwItClL
Servidor=localhost
BBDD=gestion_licencias_v2
Usuario=sa
#Nuevo registro
#Wed May 31 18:04:25 CEST 2017
Clave=jWg7u921drwItClL
Servidor=localhost
BBDD=gestion_licencias_v2
Usuario=sa
#Nuevo registro
#Wed May 31 18:54:02 CEST 2017
Clave=root
Servidor=localhost
BBDD=gestion_licencias_v2
Usuario=sa
#Nuevo registro
#Wed May 31 18:54:15 CEST 2017
Clave=root
Servidor=localhost
BBDD=gestion_licencias_v2
Usuario=s2
#Nuevo registro
#Wed May 31 18:54:20 CEST 2017
Clave=root
Servidor=localhost
BBDD=gestion_licencias_v2
Usuario=sa
#Nuevo registro
#Wed May 31 22:05:56 CEST 2017
Clave=root
Servidor=localhost
BBDD=gestion_licencias_v2
Usuario=sa
#Nuevo registro
#Sun Jun 04 17:23:39 CEST 2017
Clave=root
Servidor=localhost
BBDD=gestion_licencias_v2
Usuario=sa
#Nuevo registro
#Thu Jun 15 10:08:42 CEST 2017
Clave=root
Servidor=192.168.1.105
BBDD=gestion_licencias_v2
Usuario=sa1
#Nuevo registro
#Thu Jun 15 10:08:43 CEST 2017
Clave=root
Servidor=192.168.1.105
BBDD=gestion_licencias_v2
Usuario=sa1
